Finished Processing: /bos/tmp19/spalakod/clueweb12pp/jobs/nabble/nabble-posts/20130516043141/warcs/cw12pp-20130516043434526-00000-30540~compute-1-37.local~8443.warc.gz
Posts in Time Range: 0
Finished Processing: /bos/tmp19/spalakod/clueweb12pp/jobs/nabble/nabble-posts/20130516043141/warcs/cw12pp-20130516045055276-00001-30540~compute-1-37.local~8443.warc.gz
Posts in Time Range: 40
Finished Processing: /bos/tmp19/spalakod/clueweb12pp/jobs/nabble/nabble-posts/20130516043141/warcs/cw12pp-20130516052114990-00002-30540~compute-1-37.local~8443.warc.gz
Posts in Time Range: 772
Finished Processing: /bos/tmp19/spalakod/clueweb12pp/jobs/nabble/nabble-posts/20130516043141/warcs/cw12pp-20130516063114883-00003-30540~compute-1-37.local~8443.warc.gz
Posts in Time Range: 1385
Finished Processing: /bos/tmp19/spalakod/clueweb12pp/jobs/nabble/nabble-posts/20130516043141/warcs/cw12pp-20130516090119785-00004-30540~compute-1-37.local~8443.warc.gz
Posts in Time Range: 2199
Finished Processing: /bos/tmp19/spalakod/clueweb12pp/jobs/nabble/nabble-posts/20130516043141/warcs/cw12pp-20130516122724907-00005-30540~compute-1-37.local~8443.warc.gz
Posts in Time Range: 3203
Finished Processing: /bos/tmp19/spalakod/clueweb12pp/jobs/nabble/nabble-posts/20130516043141/warcs/cw12pp-20130517022806784-00006-30540~compute-1-37.local~8443.warc.gz
Posts in Time Range: 5494
Finished Processing: /bos/tmp19/spalakod/clueweb12pp/jobs/nabble/nabble-posts-0/20130524205544/warcs/cw12pp-20130524205552885-00000-30540~compute-1-37.local~8443.warc.gz
Posts in Time Range: 5494
Finished Processing: /bos/tmp19/spalakod/clueweb12pp/jobs/nabble/nabble-posts-1/20130524205852/warcs/cw12pp-20130524205901245-00000-30540~compute-1-37.local~8443.warc.gz
Posts in Time Range: 5494
Finished Processing: /bos/tmp19/spalakod/clueweb12pp/jobs/nabble/nabble-posts-10/20130525171009/warcs/cw12pp-20130525171016461-00000-30540~compute-1-37.local~8443.warc.gz
Posts in Time Range: 5494
Finished Processing: /bos/tmp19/spalakod/clueweb12pp/jobs/nabble/nabble-posts-11/20130525173531/warcs/cw12pp-20130525173537919-00000-30540~compute-1-37.local~8443.warc.gz
Posts in Time Range: 5494
Failed to fully process:  /bos/tmp19/spalakod/clueweb12pp/jobs/nabble/nabble-posts12/20130529031824/warcs/cw12pp-20130529031831418-00000-30540~compute-1-37.local~8443.warc.gz.open
Finished Processing: /bos/tmp19/spalakod/clueweb12pp/jobs/nabble/nabble-posts12/20130529031824/warcs/cw12pp-20130529031831418-00000-30540~compute-1-37.local~8443.warc.gz.open
Posts in Time Range: 5494
Failed to fully process:  /bos/tmp19/spalakod/clueweb12pp/jobs/nabble/nabble-posts13/20130529034524/warcs/cw12pp-20130529034531310-00000-30540~compute-1-37.local~8443.warc.gz.open
Finished Processing: /bos/tmp19/spalakod/clueweb12pp/jobs/nabble/nabble-posts13/20130529034524/warcs/cw12pp-20130529034531310-00000-30540~compute-1-37.local~8443.warc.gz.open
Posts in Time Range: 5494
Failed to fully process:  /bos/tmp19/spalakod/clueweb12pp/jobs/nabble/nabble-posts14/20130529042117/warcs/cw12pp-20130529042124212-00000-30540~compute-1-37.local~8443.warc.gz.open
Finished Processing: /bos/tmp19/spalakod/clueweb12pp/jobs/nabble/nabble-posts14/20130529042117/warcs/cw12pp-20130529042124212-00000-30540~compute-1-37.local~8443.warc.gz.open
Posts in Time Range: 5494
Failed to fully process:  /bos/tmp19/spalakod/clueweb12pp/jobs/nabble/nabble-posts15/20130529052759/warcs/cw12pp-20130529052806803-00000-30540~compute-1-37.local~8443.warc.gz.open
Finished Processing: /bos/tmp19/spalakod/clueweb12pp/jobs/nabble/nabble-posts15/20130529052759/warcs/cw12pp-20130529052806803-00000-30540~compute-1-37.local~8443.warc.gz.open
Posts in Time Range: 5494
Failed to fully process:  /bos/tmp19/spalakod/clueweb12pp/jobs/nabble/nabble-posts18/20130529105631/warcs/cw12pp-20130529105638343-00000-30540~compute-1-37.local~8443.warc.gz.open
Finished Processing: /bos/tmp19/spalakod/clueweb12pp/jobs/nabble/nabble-posts18/20130529105631/warcs/cw12pp-20130529105638343-00000-30540~compute-1-37.local~8443.warc.gz.open
Posts in Time Range: 5494
Failed to fully process:  /bos/tmp19/spalakod/clueweb12pp/jobs/nabble/nabble-posts19/20130529110653/warcs/cw12pp-20130529110700696-00000-30540~compute-1-37.local~8443.warc.gz.open
Finished Processing: /bos/tmp19/spalakod/clueweb12pp/jobs/nabble/nabble-posts19/20130529110653/warcs/cw12pp-20130529110700696-00000-30540~compute-1-37.local~8443.warc.gz.open
Posts in Time Range: 5494
Finished Processing: /bos/tmp19/spalakod/clueweb12pp/jobs/nabble/nabble-posts2/20130522065617/warcs/cw12pp-20130522065637407-00000-30540~compute-1-37.local~8443.warc.gz
Posts in Time Range: 5494
Finished Processing: /bos/tmp19/spalakod/clueweb12pp/jobs/nabble/nabble-posts-2/20130524214713/warcs/cw12pp-20130524214720689-00000-30540~compute-1-37.local~8443.warc.gz
Posts in Time Range: 5494
Failed to fully process:  /bos/tmp19/spalakod/clueweb12pp/jobs/nabble/nabble-posts20/20130529113736/warcs/cw12pp-20130529113743100-00000-30540~compute-1-37.local~8443.warc.gz.open
Finished Processing: /bos/tmp19/spalakod/clueweb12pp/jobs/nabble/nabble-posts20/20130529113736/warcs/cw12pp-20130529113743100-00000-30540~compute-1-37.local~8443.warc.gz.open
Posts in Time Range: 5494
Failed to fully process:  /bos/tmp19/spalakod/clueweb12pp/jobs/nabble/nabble-posts21/20130529184819/warcs/cw12pp-20130529184826343-00000-30540~compute-1-37.local~8443.warc.gz.open
Finished Processing: /bos/tmp19/spalakod/clueweb12pp/jobs/nabble/nabble-posts21/20130529184819/warcs/cw12pp-20130529184826343-00000-30540~compute-1-37.local~8443.warc.gz.open
Posts in Time Range: 5494
Failed to fully process:  /bos/tmp19/spalakod/clueweb12pp/jobs/nabble/nabble-posts22/20130529190902/warcs/cw12pp-20130529190908882-00000-30540~compute-1-37.local~8443.warc.gz.open
Finished Processing: /bos/tmp19/spalakod/clueweb12pp/jobs/nabble/nabble-posts22/20130529190902/warcs/cw12pp-20130529190908882-00000-30540~compute-1-37.local~8443.warc.gz.open
Posts in Time Range: 5494
Failed to fully process:  /bos/tmp19/spalakod/clueweb12pp/jobs/nabble/nabble-posts23/20130529200724/warcs/cw12pp-20130529200731435-00000-30540~compute-1-37.local~8443.warc.gz.open
Finished Processing: /bos/tmp19/spalakod/clueweb12pp/jobs/nabble/nabble-posts23/20130529200724/warcs/cw12pp-20130529200731435-00000-30540~compute-1-37.local~8443.warc.gz.open
Posts in Time Range: 5494
Failed to fully process:  /bos/tmp19/spalakod/clueweb12pp/jobs/nabble/nabble-posts26/20130529204344/warcs/cw12pp-20130529204350088-00000-30540~compute-1-37.local~8443.warc.gz.open
Finished Processing: /bos/tmp19/spalakod/clueweb12pp/jobs/nabble/nabble-posts26/20130529204344/warcs/cw12pp-20130529204350088-00000-30540~compute-1-37.local~8443.warc.gz.open
Posts in Time Range: 5494
Failed to fully process:  /bos/tmp19/spalakod/clueweb12pp/jobs/nabble/nabble-posts27/20130529204646/warcs/cw12pp-20130529204651544-00000-30540~compute-1-37.local~8443.warc.gz.open
Finished Processing: /bos/tmp19/spalakod/clueweb12pp/jobs/nabble/nabble-posts27/20130529204646/warcs/cw12pp-20130529204651544-00000-30540~compute-1-37.local~8443.warc.gz.open
Posts in Time Range: 5494
Failed to fully process:  /bos/tmp19/spalakod/clueweb12pp/jobs/nabble/nabble-posts28/20130529205549/warcs/cw12pp-20130529205554005-00000-30540~compute-1-37.local~8443.warc.gz.open
Finished Processing: /bos/tmp19/spalakod/clueweb12pp/jobs/nabble/nabble-posts28/20130529205549/warcs/cw12pp-20130529205554005-00000-30540~compute-1-37.local~8443.warc.gz.open
Posts in Time Range: 5494
Finished Processing: /bos/tmp19/spalakod/clueweb12pp/jobs/nabble/nabble-posts3/20130522070717/warcs/cw12pp-20130522070734316-00000-30540~compute-1-37.local~8443.warc.gz
Posts in Time Range: 5502
Finished Processing: /bos/tmp19/spalakod/clueweb12pp/jobs/nabble/nabble-posts-3/20130524220435/warcs/cw12pp-20130524220444242-00000-30540~compute-1-37.local~8443.warc.gz
Posts in Time Range: 5502
Failed to fully process:  /bos/tmp19/spalakod/clueweb12pp/jobs/nabble/nabble-posts30/20130529210527/warcs/cw12pp-20130529210532224-00000-30540~compute-1-37.local~8443.warc.gz.open
Finished Processing: /bos/tmp19/spalakod/clueweb12pp/jobs/nabble/nabble-posts30/20130529210527/warcs/cw12pp-20130529210532224-00000-30540~compute-1-37.local~8443.warc.gz.open
Posts in Time Range: 5502
Failed to fully process:  /bos/tmp19/spalakod/clueweb12pp/jobs/nabble/nabble-posts31/20130530010930/warcs/cw12pp-20130530010935219-00000-30540~compute-1-37.local~8443.warc.gz.open
Finished Processing: /bos/tmp19/spalakod/clueweb12pp/jobs/nabble/nabble-posts31/20130530010930/warcs/cw12pp-20130530010935219-00000-30540~compute-1-37.local~8443.warc.gz.open
Posts in Time Range: 5502
Failed to fully process:  /bos/tmp19/spalakod/clueweb12pp/jobs/nabble/nabble-posts32/20130530011132/warcs/cw12pp-20130530011137611-00000-30540~compute-1-37.local~8443.warc.gz.open
Finished Processing: /bos/tmp19/spalakod/clueweb12pp/jobs/nabble/nabble-posts32/20130530011132/warcs/cw12pp-20130530011137611-00000-30540~compute-1-37.local~8443.warc.gz.open
Posts in Time Range: 5502
Failed to fully process:  /bos/tmp19/spalakod/clueweb12pp/jobs/nabble/nabble-posts33/20130530011335/warcs/cw12pp-20130530011339101-00000-30540~compute-1-37.local~8443.warc.gz.open
Finished Processing: /bos/tmp19/spalakod/clueweb12pp/jobs/nabble/nabble-posts33/20130530011335/warcs/cw12pp-20130530011339101-00000-30540~compute-1-37.local~8443.warc.gz.open
Posts in Time Range: 5502
Failed to fully process:  /bos/tmp19/spalakod/clueweb12pp/jobs/nabble/nabble-posts34/20130530011537/warcs/cw12pp-20130530011541483-00000-30540~compute-1-37.local~8443.warc.gz.open
Finished Processing: /bos/tmp19/spalakod/clueweb12pp/jobs/nabble/nabble-posts34/20130530011537/warcs/cw12pp-20130530011541483-00000-30540~compute-1-37.local~8443.warc.gz.open
Posts in Time Range: 5502
Failed to fully process:  /bos/tmp19/spalakod/clueweb12pp/jobs/nabble/nabble-posts36/20130530022255/warcs/cw12pp-20130530022259031-00000-30540~compute-1-37.local~8443.warc.gz.open
Finished Processing: /bos/tmp19/spalakod/clueweb12pp/jobs/nabble/nabble-posts36/20130530022255/warcs/cw12pp-20130530022259031-00000-30540~compute-1-37.local~8443.warc.gz.open
Posts in Time Range: 5502
Failed to fully process:  /bos/tmp19/spalakod/clueweb12pp/jobs/nabble/nabble-posts37/20130530022457/warcs/cw12pp-20130530022501568-00000-30540~compute-1-37.local~8443.warc.gz.open
Finished Processing: /bos/tmp19/spalakod/clueweb12pp/jobs/nabble/nabble-posts37/20130530022457/warcs/cw12pp-20130530022501568-00000-30540~compute-1-37.local~8443.warc.gz.open
Posts in Time Range: 5502
Failed to fully process:  /bos/tmp19/spalakod/clueweb12pp/jobs/nabble/nabble-posts38/20130530022740/warcs/cw12pp-20130530022743951-00000-30540~compute-1-37.local~8443.warc.gz.open
Finished Processing: /bos/tmp19/spalakod/clueweb12pp/jobs/nabble/nabble-posts38/20130530022740/warcs/cw12pp-20130530022743951-00000-30540~compute-1-37.local~8443.warc.gz.open
Posts in Time Range: 5502
Failed to fully process:  /bos/tmp19/spalakod/clueweb12pp/jobs/nabble/nabble-posts39/20130530023202/warcs/cw12pp-20130530023205514-00000-30540~compute-1-37.local~8443.warc.gz.open
Finished Processing: /bos/tmp19/spalakod/clueweb12pp/jobs/nabble/nabble-posts39/20130530023202/warcs/cw12pp-20130530023205514-00000-30540~compute-1-37.local~8443.warc.gz.open
Posts in Time Range: 5502
Finished Processing: /bos/tmp19/spalakod/clueweb12pp/jobs/nabble/nabble-posts4/20130522072304/warcs/cw12pp-20130522072318160-00000-30540~compute-1-37.local~8443.warc.gz
Posts in Time Range: 5502
Failed to fully process:  /bos/tmp19/spalakod/clueweb12pp/jobs/nabble/nabble-posts40/20130530023405/warcs/cw12pp-20130530023408112-00000-30540~compute-1-37.local~8443.warc.gz.open
Finished Processing: /bos/tmp19/spalakod/clueweb12pp/jobs/nabble/nabble-posts40/20130530023405/warcs/cw12pp-20130530023408112-00000-30540~compute-1-37.local~8443.warc.gz.open
Posts in Time Range: 5502
Failed to fully process:  /bos/tmp19/spalakod/clueweb12pp/jobs/nabble/nabble-posts41/20130530023607/warcs/cw12pp-20130530023610545-00000-30540~compute-1-37.local~8443.warc.gz.open
Finished Processing: /bos/tmp19/spalakod/clueweb12pp/jobs/nabble/nabble-posts41/20130530023607/warcs/cw12pp-20130530023610545-00000-30540~compute-1-37.local~8443.warc.gz.open
Posts in Time Range: 5502
Failed to fully process:  /bos/tmp19/spalakod/clueweb12pp/jobs/nabble/nabble-posts42/20130530023810/warcs/cw12pp-20130530023812905-00000-30540~compute-1-37.local~8443.warc.gz.open
Finished Processing: /bos/tmp19/spalakod/clueweb12pp/jobs/nabble/nabble-posts42/20130530023810/warcs/cw12pp-20130530023812905-00000-30540~compute-1-37.local~8443.warc.gz.open
Posts in Time Range: 5502
Failed to fully process:  /bos/tmp19/spalakod/clueweb12pp/jobs/nabble/nabble-posts43/20130530024952/warcs/cw12pp-20130530024955532-00000-30540~compute-1-37.local~8443.warc.gz.open
Finished Processing: /bos/tmp19/spalakod/clueweb12pp/jobs/nabble/nabble-posts43/20130530024952/warcs/cw12pp-20130530024955532-00000-30540~compute-1-37.local~8443.warc.gz.open
Posts in Time Range: 5502
Failed to fully process:  /bos/tmp19/spalakod/clueweb12pp/jobs/nabble/nabble-posts44/20130530025155/warcs/cw12pp-20130530025157938-00000-30540~compute-1-37.local~8443.warc.gz.open
Finished Processing: /bos/tmp19/spalakod/clueweb12pp/jobs/nabble/nabble-posts44/20130530025155/warcs/cw12pp-20130530025157938-00000-30540~compute-1-37.local~8443.warc.gz.open
Posts in Time Range: 5502
Failed to fully process:  /bos/tmp19/spalakod/clueweb12pp/jobs/nabble/nabble-posts45/20130530025357/warcs/cw12pp-20130530025400235-00000-30540~compute-1-37.local~8443.warc.gz.open
Finished Processing: /bos/tmp19/spalakod/clueweb12pp/jobs/nabble/nabble-posts45/20130530025357/warcs/cw12pp-20130530025400235-00000-30540~compute-1-37.local~8443.warc.gz.open
Posts in Time Range: 5502
Failed to fully process:  /bos/tmp19/spalakod/clueweb12pp/jobs/nabble/nabble-posts47/20130530032015/warcs/cw12pp-20130530032018557-00000-30540~compute-1-37.local~8443.warc.gz.open
Finished Processing: /bos/tmp19/spalakod/clueweb12pp/jobs/nabble/nabble-posts47/20130530032015/warcs/cw12pp-20130530032018557-00000-30540~compute-1-37.local~8443.warc.gz.open
Posts in Time Range: 5502
Failed to fully process:  /bos/tmp19/spalakod/clueweb12pp/jobs/nabble/nabble-posts49/20130530033232/warcs/cw12pp-20130530033235633-00000-30540~compute-1-37.local~8443.warc.gz.open
Finished Processing: /bos/tmp19/spalakod/clueweb12pp/jobs/nabble/nabble-posts49/20130530033232/warcs/cw12pp-20130530033235633-00000-30540~compute-1-37.local~8443.warc.gz.open
Posts in Time Range: 5502
Failed to fully process:  /bos/tmp19/spalakod/clueweb12pp/jobs/nabble/nabble-posts5/20130522072832/warcs/cw12pp-20130522072842132-00000-30540~compute-1-37.local~8443.warc.gz.open
Finished Processing: /bos/tmp19/spalakod/clueweb12pp/jobs/nabble/nabble-posts5/20130522072832/warcs/cw12pp-20130522072842132-00000-30540~compute-1-37.local~8443.warc.gz.open
Posts in Time Range: 5502
Finished Processing: /bos/tmp19/spalakod/clueweb12pp/jobs/nabble/nabble-posts-5/20130524221044/warcs/cw12pp-20130524221051452-00000-30540~compute-1-37.local~8443.warc.gz
Posts in Time Range: 5502
Failed to fully process:  /bos/tmp19/spalakod/clueweb12pp/jobs/nabble/nabble-posts50/20130530033435/warcs/cw12pp-20130530033438599-00000-30540~compute-1-37.local~8443.warc.gz.open
Finished Processing: /bos/tmp19/spalakod/clueweb12pp/jobs/nabble/nabble-posts50/20130530033435/warcs/cw12pp-20130530033438599-00000-30540~compute-1-37.local~8443.warc.gz.open
Posts in Time Range: 5502
Failed to fully process:  /bos/tmp19/spalakod/clueweb12pp/jobs/nabble/nabble-posts52/20130530034154/warcs/cw12pp-20130530034157752-00000-30540~compute-1-37.local~8443.warc.gz.open
Finished Processing: /bos/tmp19/spalakod/clueweb12pp/jobs/nabble/nabble-posts52/20130530034154/warcs/cw12pp-20130530034157752-00000-30540~compute-1-37.local~8443.warc.gz.open
Posts in Time Range: 5502
Failed to fully process:  /bos/tmp19/spalakod/clueweb12pp/jobs/nabble/nabble-posts53/20130530034403/warcs/cw12pp-20130530034405041-00000-30540~compute-1-37.local~8443.warc.gz.open
Finished Processing: /bos/tmp19/spalakod/clueweb12pp/jobs/nabble/nabble-posts53/20130530034403/warcs/cw12pp-20130530034405041-00000-30540~compute-1-37.local~8443.warc.gz.open
Posts in Time Range: 5502
Failed to fully process:  /bos/tmp19/spalakod/clueweb12pp/jobs/nabble/nabble-posts54/20130530034915/warcs/cw12pp-20130530034917579-00000-30540~compute-1-37.local~8443.warc.gz.open
Finished Processing: /bos/tmp19/spalakod/clueweb12pp/jobs/nabble/nabble-posts54/20130530034915/warcs/cw12pp-20130530034917579-00000-30540~compute-1-37.local~8443.warc.gz.open
Posts in Time Range: 5502
Failed to fully process:  /bos/tmp19/spalakod/clueweb12pp/jobs/nabble/nabble-posts55/20130530035047/warcs/cw12pp-20130530035050937-00000-30540~compute-1-37.local~8443.warc.gz.open
Finished Processing: /bos/tmp19/spalakod/clueweb12pp/jobs/nabble/nabble-posts55/20130530035047/warcs/cw12pp-20130530035050937-00000-30540~compute-1-37.local~8443.warc.gz.open
Posts in Time Range: 5502
Failed to fully process:  /bos/tmp19/spalakod/clueweb12pp/jobs/nabble/nabble-posts57/20130530035345/warcs/cw12pp-20130530035347448-00000-30540~compute-1-37.local~8443.warc.gz.open
Finished Processing: /bos/tmp19/spalakod/clueweb12pp/jobs/nabble/nabble-posts57/20130530035345/warcs/cw12pp-20130530035347448-00000-30540~compute-1-37.local~8443.warc.gz.open
Posts in Time Range: 5502
Failed to fully process:  /bos/tmp19/spalakod/clueweb12pp/jobs/nabble/nabble-posts58/20130530035458/warcs/cw12pp-20130530035501348-00000-30540~compute-1-37.local~8443.warc.gz.open
Finished Processing: /bos/tmp19/spalakod/clueweb12pp/jobs/nabble/nabble-posts58/20130530035458/warcs/cw12pp-20130530035501348-00000-30540~compute-1-37.local~8443.warc.gz.open
Posts in Time Range: 5502
Finished Processing: /bos/tmp19/spalakod/clueweb12pp/jobs/nabble/nabble-posts-6/20130525010805/warcs/cw12pp-20130525010810997-00000-30540~compute-1-37.local~8443.warc.gz
Posts in Time Range: 5502
Failed to fully process:  /bos/tmp19/spalakod/clueweb12pp/jobs/nabble/nabble-posts60/20130530040245/warcs/cw12pp-20130530040247936-00000-30540~compute-1-37.local~8443.warc.gz.open
Finished Processing: /bos/tmp19/spalakod/clueweb12pp/jobs/nabble/nabble-posts60/20130530040245/warcs/cw12pp-20130530040247936-00000-30540~compute-1-37.local~8443.warc.gz.open
Posts in Time Range: 5502
Failed to fully process:  /bos/tmp19/spalakod/clueweb12pp/jobs/nabble/nabble-posts61/20130530040358/warcs/cw12pp-20130530040400278-00000-30540~compute-1-37.local~8443.warc.gz.open
Finished Processing: /bos/tmp19/spalakod/clueweb12pp/jobs/nabble/nabble-posts61/20130530040358/warcs/cw12pp-20130530040400278-00000-30540~compute-1-37.local~8443.warc.gz.open
Posts in Time Range: 5502
Failed to fully process:  /bos/tmp19/spalakod/clueweb12pp/jobs/nabble/nabble-posts62/20130530040610/warcs/cw12pp-20130530040613034-00000-30540~compute-1-37.local~8443.warc.gz.open
Finished Processing: /bos/tmp19/spalakod/clueweb12pp/jobs/nabble/nabble-posts62/20130530040610/warcs/cw12pp-20130530040613034-00000-30540~compute-1-37.local~8443.warc.gz.open
Posts in Time Range: 5502
Failed to fully process:  /bos/tmp19/spalakod/clueweb12pp/jobs/nabble/nabble-posts64/20130530041110/warcs/cw12pp-20130530041112304-00000-30540~compute-1-37.local~8443.warc.gz.open
Finished Processing: /bos/tmp19/spalakod/clueweb12pp/jobs/nabble/nabble-posts64/20130530041110/warcs/cw12pp-20130530041112304-00000-30540~compute-1-37.local~8443.warc.gz.open
Posts in Time Range: 5502
Failed to fully process:  /bos/tmp19/spalakod/clueweb12pp/jobs/nabble/nabble-posts65/20130530041242/warcs/cw12pp-20130530041244973-00000-30540~compute-1-37.local~8443.warc.gz.open
Finished Processing: /bos/tmp19/spalakod/clueweb12pp/jobs/nabble/nabble-posts65/20130530041242/warcs/cw12pp-20130530041244973-00000-30540~compute-1-37.local~8443.warc.gz.open
Posts in Time Range: 5502
Failed to fully process:  /bos/tmp19/spalakod/clueweb12pp/jobs/nabble/nabble-posts66/20130530041415/warcs/cw12pp-20130530041417607-00000-30540~compute-1-37.local~8443.warc.gz.open
Finished Processing: /bos/tmp19/spalakod/clueweb12pp/jobs/nabble/nabble-posts66/20130530041415/warcs/cw12pp-20130530041417607-00000-30540~compute-1-37.local~8443.warc.gz.open
Posts in Time Range: 5502
Failed to fully process:  /bos/tmp19/spalakod/clueweb12pp/jobs/nabble/nabble-posts67/20130530041521/warcs/cw12pp-20130530041523978-00000-30540~compute-1-37.local~8443.warc.gz.open
Finished Processing: /bos/tmp19/spalakod/clueweb12pp/jobs/nabble/nabble-posts67/20130530041521/warcs/cw12pp-20130530041523978-00000-30540~compute-1-37.local~8443.warc.gz.open
Posts in Time Range: 5502
Failed to fully process:  /bos/tmp19/spalakod/clueweb12pp/jobs/nabble/nabble-posts68/20130530041634/warcs/cw12pp-20130530041636913-00000-30540~compute-1-37.local~8443.warc.gz.open
Finished Processing: /bos/tmp19/spalakod/clueweb12pp/jobs/nabble/nabble-posts68/20130530041634/warcs/cw12pp-20130530041636913-00000-30540~compute-1-37.local~8443.warc.gz.open
Posts in Time Range: 5502
Failed to fully process:  /bos/tmp19/spalakod/clueweb12pp/jobs/nabble/nabble-posts69/20130530041707/warcs/cw12pp-20130530041709475-00000-30540~compute-1-37.local~8443.warc.gz.open
Finished Processing: /bos/tmp19/spalakod/clueweb12pp/jobs/nabble/nabble-posts69/20130530041707/warcs/cw12pp-20130530041709475-00000-30540~compute-1-37.local~8443.warc.gz.open
Posts in Time Range: 5502
Finished Processing: /bos/tmp19/spalakod/clueweb12pp/jobs/nabble/nabble-posts-7/20130525010953/warcs/cw12pp-20130525011000221-00000-30540~compute-1-37.local~8443.warc.gz
Posts in Time Range: 5502
Failed to fully process:  /bos/tmp19/spalakod/clueweb12pp/jobs/nabble/nabble-posts70/20130530041740/warcs/cw12pp-20130530041742712-00000-30540~compute-1-37.local~8443.warc.gz.open
Finished Processing: /bos/tmp19/spalakod/clueweb12pp/jobs/nabble/nabble-posts70/20130530041740/warcs/cw12pp-20130530041742712-00000-30540~compute-1-37.local~8443.warc.gz.open
Posts in Time Range: 5502
Failed to fully process:  /bos/tmp19/spalakod/clueweb12pp/jobs/nabble/nabble-posts71/20130530041813/warcs/cw12pp-20130530041815730-00000-30540~compute-1-37.local~8443.warc.gz.open
Finished Processing: /bos/tmp19/spalakod/clueweb12pp/jobs/nabble/nabble-posts71/20130530041813/warcs/cw12pp-20130530041815730-00000-30540~compute-1-37.local~8443.warc.gz.open
Posts in Time Range: 5502
Failed to fully process:  /bos/tmp19/spalakod/clueweb12pp/jobs/nabble/nabble-posts72/20130530041845/warcs/cw12pp-20130530041847835-00000-30540~compute-1-37.local~8443.warc.gz.open
Finished Processing: /bos/tmp19/spalakod/clueweb12pp/jobs/nabble/nabble-posts72/20130530041845/warcs/cw12pp-20130530041847835-00000-30540~compute-1-37.local~8443.warc.gz.open
Posts in Time Range: 5502
Failed to fully process:  /bos/tmp19/spalakod/clueweb12pp/jobs/nabble/nabble-posts73/20130530041918/warcs/cw12pp-20130530041920492-00000-30540~compute-1-37.local~8443.warc.gz.open
Finished Processing: /bos/tmp19/spalakod/clueweb12pp/jobs/nabble/nabble-posts73/20130530041918/warcs/cw12pp-20130530041920492-00000-30540~compute-1-37.local~8443.warc.gz.open
Posts in Time Range: 5502
Failed to fully process:  /bos/tmp19/spalakod/clueweb12pp/jobs/nabble/nabble-posts74/20130530041951/warcs/cw12pp-20130530041952942-00000-30540~compute-1-37.local~8443.warc.gz.open
Finished Processing: /bos/tmp19/spalakod/clueweb12pp/jobs/nabble/nabble-posts74/20130530041951/warcs/cw12pp-20130530041952942-00000-30540~compute-1-37.local~8443.warc.gz.open
Posts in Time Range: 5502
Failed to fully process:  /bos/tmp19/spalakod/clueweb12pp/jobs/nabble/nabble-posts75/20130530042023/warcs/cw12pp-20130530042025345-00000-30540~compute-1-37.local~8443.warc.gz.open
Finished Processing: /bos/tmp19/spalakod/clueweb12pp/jobs/nabble/nabble-posts75/20130530042023/warcs/cw12pp-20130530042025345-00000-30540~compute-1-37.local~8443.warc.gz.open
Posts in Time Range: 5502
Failed to fully process:  /bos/tmp19/spalakod/clueweb12pp/jobs/nabble/nabble-posts76/20130530042056/warcs/cw12pp-20130530042058294-00000-30540~compute-1-37.local~8443.warc.gz.open
Finished Processing: /bos/tmp19/spalakod/clueweb12pp/jobs/nabble/nabble-posts76/20130530042056/warcs/cw12pp-20130530042058294-00000-30540~compute-1-37.local~8443.warc.gz.open
Posts in Time Range: 5502
Failed to fully process:  /bos/tmp19/spalakod/clueweb12pp/jobs/nabble/nabble-posts77/20130530042129/warcs/cw12pp-20130530042131321-00000-30540~compute-1-37.local~8443.warc.gz.open
Finished Processing: /bos/tmp19/spalakod/clueweb12pp/jobs/nabble/nabble-posts77/20130530042129/warcs/cw12pp-20130530042131321-00000-30540~compute-1-37.local~8443.warc.gz.open
Posts in Time Range: 5502
Failed to fully process:  /bos/tmp19/spalakod/clueweb12pp/jobs/nabble/nabble-posts78/20130530042201/warcs/cw12pp-20130530042203598-00000-30540~compute-1-37.local~8443.warc.gz.open
Finished Processing: /bos/tmp19/spalakod/clueweb12pp/jobs/nabble/nabble-posts78/20130530042201/warcs/cw12pp-20130530042203598-00000-30540~compute-1-37.local~8443.warc.gz.open
Posts in Time Range: 5502
Failed to fully process:  /bos/tmp19/spalakod/clueweb12pp/jobs/nabble/nabble-posts79/20130530042234/warcs/cw12pp-20130530042236146-00000-30540~compute-1-37.local~8443.warc.gz.open
Finished Processing: /bos/tmp19/spalakod/clueweb12pp/jobs/nabble/nabble-posts79/20130530042234/warcs/cw12pp-20130530042236146-00000-30540~compute-1-37.local~8443.warc.gz.open
Posts in Time Range: 5502
Finished Processing: /bos/tmp19/spalakod/clueweb12pp/jobs/nabble/nabble-posts-8/20130525012725/warcs/cw12pp-20130525012732675-00000-30540~compute-1-37.local~8443.warc.gz
Posts in Time Range: 5502
Finished Processing: /bos/tmp19/spalakod/clueweb12pp/jobs/nabble/nabble-posts-9/20130525070339/warcs/cw12pp-20130525070346223-00000-30540~compute-1-37.local~8443.warc.gz
Posts in Time Range: 5502
